0 info it worked if it ends with ok
1 verbose cli [ '/usr/local/Cellar/node/7.7.3/bin/node',
1 verbose cli   '/Users/kyslik/.npm-packages/bin/npm',
1 verbose cli   'run',
1 verbose cli   'watch-poll' ]
2 info using npm@4.0.5
3 info using node@v7.7.3
4 verbose run-script [ 'prewatch-poll', 'watch-poll', 'postwatch-poll' ]
5 info lifecycle @~prewatch-poll: @
6 silly lifecycle @~prewatch-poll: no script for prewatch-poll, continuing
7 info lifecycle @~watch-poll: @
8 verbose lifecycle @~watch-poll: unsafe-perm in lifecycle true
9 verbose lifecycle @~watch-poll: PATH: /Users/kyslik/.npm-packages/lib/node_modules/npm/bin/node-gyp-bin:/Library/WebServer/Documents/projects/yap/node_modules/.bin:/Users/kyslik/perl5/bin:/Users/kyslik/.npm-packages/bin:/usr/local/sbin:/usr/local/mysql/bin:/usr/local/bin:/usr/bin:/bin:/usr/sbin:/sbin:/usr/local/bin:/usr/bin:/bin:/usr/sbin:/sbin:/Library/TeX/texbin:/Users/kyslik/.composer/vendor/bin
10 verbose lifecycle @~watch-poll: CWD: /Library/WebServer/Documents/projects/yap
11 silly lifecycle @~watch-poll: Args: [ '-c',
11 silly lifecycle   'node node_modules/cross-env/dist/bin/cross-env.js NODE_ENV=development node_modules/webpack/bin/webpack.js --watch --watch-poll --progress --hide-modules --config=node_modules/laravel-mix/setup/webpack.config.js' ]
12 silly lifecycle @~watch-poll: Returned: code: 1  signal: null
13 info lifecycle @~watch-poll: Failed to exec watch-poll script
14 verbose stack Error: @ watch-poll: `node node_modules/cross-env/dist/bin/cross-env.js NODE_ENV=development node_modules/webpack/bin/webpack.js --watch --watch-poll --progress --hide-modules --config=node_modules/laravel-mix/setup/webpack.config.js`
14 verbose stack Exit status 1
14 verbose stack     at EventEmitter.<anonymous> (/Users/kyslik/.npm-packages/lib/node_modules/npm/lib/utils/lifecycle.js:279:16)
14 verbose stack     at emitTwo (events.js:106:13)
14 verbose stack     at EventEmitter.emit (events.js:194:7)
14 verbose stack     at ChildProcess.<anonymous> (/Users/kyslik/.npm-packages/lib/node_modules/npm/lib/utils/spawn.js:40:14)
14 verbose stack     at emitTwo (events.js:106:13)
14 verbose stack     at ChildProcess.emit (events.js:194:7)
14 verbose stack     at maybeClose (internal/child_process.js:899:16)
14 verbose stack     at Process.ChildProcess._handle.onexit (internal/child_process.js:226:5)
15 verbose pkgid @
16 verbose cwd /Library/WebServer/Documents/projects/yap
17 error Darwin 14.5.0
18 error argv "/usr/local/Cellar/node/7.7.3/bin/node" "/Users/kyslik/.npm-packages/bin/npm" "run" "watch-poll"
19 error node v7.7.3
20 error npm  v4.0.5
21 error code ELIFECYCLE
22 error @ watch-poll: `node node_modules/cross-env/dist/bin/cross-env.js NODE_ENV=development node_modules/webpack/bin/webpack.js --watch --watch-poll --progress --hide-modules --config=node_modules/laravel-mix/setup/webpack.config.js`
22 error Exit status 1
23 error Failed at the @ watch-poll script 'node node_modules/cross-env/dist/bin/cross-env.js NODE_ENV=development node_modules/webpack/bin/webpack.js --watch --watch-poll --progress --hide-modules --config=node_modules/laravel-mix/setup/webpack.config.js'.
23 error Make sure you have the latest version of node.js and npm installed.
23 error If you do, this is most likely a problem with the  package,
23 error not with npm itself.
23 error Tell the author that this fails on your system:
23 error     node node_modules/cross-env/dist/bin/cross-env.js NODE_ENV=development node_modules/webpack/bin/webpack.js --watch --watch-poll --progress --hide-modules --config=node_modules/laravel-mix/setup/webpack.config.js
23 error You can get information on how to open an issue for this project with:
23 error     npm bugs
23 error Or if that isn't available, you can get their info via:
23 error     npm owner ls
23 error There is likely additional logging output above.
24 verbose exit [ 1, true ]
